DEBUG:requests_oauthlib.oauth1_auth:Signing request <PreparedRequest [POST]> using client <Client client_key=3iyEag1vBLhLtoywYDJRmegcI, client_secret=****, resource_owner_key=3036580922-jIJW8odJjSqPCcG5ivMjRSez59gyJ1Au8A7J2jQ, resource_owner_secret=****, signature_method=HMAC-SHA1, signature_type=AUTH_HEADER, callback_uri=None, rsa_key=None, verifier=None, realm=None, encoding=utf-8, decoding=utf-8, nonce=None, timestamp=None>
DEBUG:requests_oauthlib.oauth1_auth:Including body in call to sign: True
DEBUG:oauthlib.oauth1.rfc5849:Collected params: [('oauth_nonce', '107413997488333725281658874414'), ('oauth_timestamp', '1658874414'), ('oauth_version', '1.0'), ('oauth_signature_method', 'HMAC-SHA1'), ('oauth_consumer_key', '3iyEag1vBLhLtoywYDJRmegcI'), ('oauth_token', '3036580922-jIJW8odJjSqPCcG5ivMjRSez59gyJ1Au8A7J2jQ'), ('track', 'Macbook'), ('language', 'en')]
DEBUG:oauthlib.oauth1.rfc5849:Normalized params: language=en&oauth_consumer_key=3iyEag1vBLhLtoywYDJRmegcI&oauth_nonce=107413997488333725281658874414&oauth_signature_method=HMAC-SHA1&oauth_timestamp=1658874414&oauth_token=3036580922-jIJW8odJjSqPCcG5ivMjRSez59gyJ1Au8A7J2jQ&oauth_version=1.0&track=Macbook
DEBUG:oauthlib.oauth1.rfc5849:Normalized URI: https://stream.twitter.com/1.1/statuses/filter.json
DEBUG:oauthlib.oauth1.rfc5849:Signing: signature base string: POST&https%3A%2F%2Fstream.twitter.com%2F1.1%2Fstatuses%2Ffilter.json&language%3Den%26oauth_consumer_key%3D3iyEag1vBLhLtoywYDJRmegcI%26oauth_nonce%3D107413997488333725281658874414%26oauth_signature_method%3DHMAC-SHA1%26oauth_timestamp%3D1658874414%26oauth_token%3D3036580922-jIJW8odJjSqPCcG5ivMjRSez59gyJ1Au8A7J2jQ%26oauth_version%3D1.0%26track%3DMacbook
DEBUG:oauthlib.oauth1.rfc5849:Signature: SVjp7KE9m942myZSMCdO1VHvuyo=
DEBUG:oauthlib.oauth1.rfc5849:Encoding URI, headers and body to utf-8.
DEBUG:requests_oauthlib.oauth1_auth:Updated url: https://stream.twitter.com/1.1/statuses/filter.json
DEBUG:requests_oauthlib.oauth1_auth:Updated headers: {b'User-Agent': b'Python/3.7.0 Requests/2.28.1 Tweepy/4.10.0', b'Accept-Encoding': b'gzip, deflate', b'Accept': b'*/*', b'Connection': b'keep-alive', b'Content-Type': b'application/x-www-form-urlencoded', b'Content-Length': b'25', b'Authorization': b'OAuth oauth_nonce="107413997488333725281658874414", oauth_timestamp="1658874414", oauth_version="1.0", oauth_signature_method="HMAC-SHA1", oauth_consumer_key="3iyEag1vBLhLtoywYDJRmegcI", oauth_token="3036580922-jIJW8odJjSqPCcG5ivMjRSez59gyJ1Au8A7J2jQ", oauth_signature="SVjp7KE9m942myZSMCdO1VHvuyo%3D"'}
DEBUG:requests_oauthlib.oauth1_auth:Updated body: b'track=Macbook&language=en'
DEBUG:urllib3.connectionpool:Starting new HTTPS connection (1): stream.twitter.com:443
DEBUG:urllib3.connectionpool:https://stream.twitter.com:443 "POST /1.1/statuses/filter.json HTTP/1.1" 403 None
ERROR:tweepy.streaming:Stream encountered HTTP error: 403
DEBUG:requests_oauthlib.oauth1_auth:Signing request <PreparedRequest [POST]> using client <Client client_key=3iyEag1vBLhLtoywYDJRmegcI, client_secret=****, resource_owner_key=3036580922-jIJW8odJjSqPCcG5ivMjRSez59gyJ1Au8A7J2jQ, resource_owner_secret=****, signature_method=HMAC-SHA1, signature_type=AUTH_HEADER, callback_uri=None, rsa_key=None, verifier=None, realm=None, encoding=utf-8, decoding=utf-8, nonce=None, timestamp=None>
DEBUG:requests_oauthlib.oauth1_auth:Including body in call to sign: True
DEBUG:oauthlib.oauth1.rfc5849:Collected params: [('oauth_nonce', '146340548934620939321658874419'), ('oauth_timestamp', '1658874419'), ('oauth_version', '1.0'), ('oauth_signature_method', 'HMAC-SHA1'), ('oauth_consumer_key', '3iyEag1vBLhLtoywYDJRmegcI'), ('oauth_token', '3036580922-jIJW8odJjSqPCcG5ivMjRSez59gyJ1Au8A7J2jQ'), ('track', 'Macbook'), ('language', 'en')]
DEBUG:oauthlib.oauth1.rfc5849:Normalized params: language=en&oauth_consumer_key=3iyEag1vBLhLtoywYDJRmegcI&oauth_nonce=146340548934620939321658874419&oauth_signature_method=HMAC-SHA1&oauth_timestamp=1658874419&oauth_token=3036580922-jIJW8odJjSqPCcG5ivMjRSez59gyJ1Au8A7J2jQ&oauth_version=1.0&track=Macbook
DEBUG:oauthlib.oauth1.rfc5849:Normalized URI: https://stream.twitter.com/1.1/statuses/filter.json
DEBUG:oauthlib.oauth1.rfc5849:Signing: signature base string: POST&https%3A%2F%2Fstream.twitter.com%2F1.1%2Fstatuses%2Ffilter.json&language%3Den%26oauth_consumer_key%3D3iyEag1vBLhLtoywYDJRmegcI%26oauth_nonce%3D146340548934620939321658874419%26oauth_signature_method%3DHMAC-SHA1%26oauth_timestamp%3D1658874419%26oauth_token%3D3036580922-jIJW8odJjSqPCcG5ivMjRSez59gyJ1Au8A7J2jQ%26oauth_version%3D1.0%26track%3DMacbook
DEBUG:oauthlib.oauth1.rfc5849:Signature: h3WwSJpRPZdVRjx1QNoOlD1wRmU=
DEBUG:oauthlib.oauth1.rfc5849:Encoding URI, headers and body to utf-8.
DEBUG:requests_oauthlib.oauth1_auth:Updated url: https://stream.twitter.com/1.1/statuses/filter.json
DEBUG:requests_oauthlib.oauth1_auth:Updated headers: {b'User-Agent': b'Python/3.7.0 Requests/2.28.1 Tweepy/4.10.0', b'Accept-Encoding': b'gzip, deflate', b'Accept': b'*/*', b'Connection': b'keep-alive', b'Content-Type': b'application/x-www-form-urlencoded', b'Cookie': b'guest_id=v1%3A165887441455449787; guest_id_ads=v1%3A165887441455449787; guest_id_marketing=v1%3A165887441455449787; personalization_id="v1_gyp6FmdD9xOPoQN2z3rtEw=="', b'Content-Length': b'25', b'Authorization': b'OAuth oauth_nonce="146340548934620939321658874419", oauth_timestamp="1658874419", oauth_version="1.0", oauth_signature_method="HMAC-SHA1", oauth_consumer_key="3iyEag1vBLhLtoywYDJRmegcI", oauth_token="3036580922-jIJW8odJjSqPCcG5ivMjRSez59gyJ1Au8A7J2jQ", oauth_signature="h3WwSJpRPZdVRjx1QNoOlD1wRmU%3D"'}
DEBUG:requests_oauthlib.oauth1_auth:Updated body: b'track=Macbook&language=en'
DEBUG:urllib3.connectionpool:Resetting dropped connection: stream.twitter.com
DEBUG:urllib3.connectionpool:https://stream.twitter.com:443 "POST /1.1/statuses/filter.json HTTP/1.1" 403 None
ERROR:tweepy.streaming:Stream encountered HTTP error: 403
DEBUG:requests_oauthlib.oauth1_auth:Signing request <PreparedRequest [POST]> using client <Client client_key=3iyEag1vBLhLtoywYDJRmegcI, client_secret=****, resource_owner_key=3036580922-jIJW8odJjSqPCcG5ivMjRSez59gyJ1Au8A7J2jQ, resource_owner_secret=****, signature_method=HMAC-SHA1, signature_type=AUTH_HEADER, callback_uri=None, rsa_key=None, verifier=None, realm=None, encoding=utf-8, decoding=utf-8, nonce=None, timestamp=None>
DEBUG:requests_oauthlib.oauth1_auth:Including body in call to sign: True
DEBUG:oauthlib.oauth1.rfc5849:Collected params: [('oauth_nonce', '38521522779957018711658874429'), ('oauth_timestamp', '1658874429'), ('oauth_version', '1.0'), ('oauth_signature_method', 'HMAC-SHA1'), ('oauth_consumer_key', '3iyEag1vBLhLtoywYDJRmegcI'), ('oauth_token', '3036580922-jIJW8odJjSqPCcG5ivMjRSez59gyJ1Au8A7J2jQ'), ('track', 'Macbook'), ('language', 'en')]
DEBUG:oauthlib.oauth1.rfc5849:Normalized params: language=en&oauth_consumer_key=3iyEag1vBLhLtoywYDJRmegcI&oauth_nonce=38521522779957018711658874429&oauth_signature_method=HMAC-SHA1&oauth_timestamp=1658874429&oauth_token=3036580922-jIJW8odJjSqPCcG5ivMjRSez59gyJ1Au8A7J2jQ&oauth_version=1.0&track=Macbook
DEBUG:oauthlib.oauth1.rfc5849:Normalized URI: https://stream.twitter.com/1.1/statuses/filter.json
DEBUG:oauthlib.oauth1.rfc5849:Signing: signature base string: POST&https%3A%2F%2Fstream.twitter.com%2F1.1%2Fstatuses%2Ffilter.json&language%3Den%26oauth_consumer_key%3D3iyEag1vBLhLtoywYDJRmegcI%26oauth_nonce%3D38521522779957018711658874429%26oauth_signature_method%3DHMAC-SHA1%26oauth_timestamp%3D1658874429%26oauth_token%3D3036580922-jIJW8odJjSqPCcG5ivMjRSez59gyJ1Au8A7J2jQ%26oauth_version%3D1.0%26track%3DMacbook
DEBUG:oauthlib.oauth1.rfc5849:Signature: IWnYbkehijkSwmpPhPvHlrDZfjY=
DEBUG:oauthlib.oauth1.rfc5849:Encoding URI, headers and body to utf-8.
DEBUG:requests_oauthlib.oauth1_auth:Updated url: https://stream.twitter.com/1.1/statuses/filter.json
DEBUG:requests_oauthlib.oauth1_auth:Updated headers: {b'User-Agent': b'Python/3.7.0 Requests/2.28.1 Tweepy/4.10.0', b'Accept-Encoding': b'gzip, deflate', b'Accept': b'*/*', b'Connection': b'keep-alive', b'Content-Type': b'application/x-www-form-urlencoded', b'Cookie': b'guest_id=v1%3A165887441455449787; guest_id_ads=v1%3A165887441455449787; guest_id_marketing=v1%3A165887441455449787; personalization_id="v1_gyp6FmdD9xOPoQN2z3rtEw=="', b'Content-Length': b'25', b'Authorization': b'OAuth oauth_nonce="38521522779957018711658874429", oauth_timestamp="1658874429", oauth_version="1.0", oauth_signature_method="HMAC-SHA1", oauth_consumer_key="3iyEag1vBLhLtoywYDJRmegcI", oauth_token="3036580922-jIJW8odJjSqPCcG5ivMjRSez59gyJ1Au8A7J2jQ", oauth_signature="IWnYbkehijkSwmpPhPvHlrDZfjY%3D"'}
DEBUG:requests_oauthlib.oauth1_auth:Updated body: b'track=Macbook&language=en'
DEBUG:urllib3.connectionpool:Resetting dropped connection: stream.twitter.com
DEBUG:urllib3.connectionpool:https://stream.twitter.com:443 "POST /1.1/statuses/filter.json HTTP/1.1" 403 None
ERROR:tweepy.streaming:Stream encountered HTTP error: 403
DEBUG:requests_oauthlib.oauth1_auth:Signing request <PreparedRequest [POST]> using client <Client client_key=3iyEag1vBLhLtoywYDJRmegcI, client_secret=****, resource_owner_key=3036580922-jIJW8odJjSqPCcG5ivMjRSez59gyJ1Au8A7J2jQ, resource_owner_secret=****, signature_method=HMAC-SHA1, signature_type=AUTH_HEADER, callback_uri=None, rsa_key=None, verifier=None, realm=None, encoding=utf-8, decoding=utf-8, nonce=None, timestamp=None>
DEBUG:requests_oauthlib.oauth1_auth:Including body in call to sign: True
DEBUG:oauthlib.oauth1.rfc5849:Collected params: [('oauth_nonce', '141230663663171014341658874449'), ('oauth_timestamp', '1658874449'), ('oauth_version', '1.0'), ('oauth_signature_method', 'HMAC-SHA1'), ('oauth_consumer_key', '3iyEag1vBLhLtoywYDJRmegcI'), ('oauth_token', '3036580922-jIJW8odJjSqPCcG5ivMjRSez59gyJ1Au8A7J2jQ'), ('track', 'Macbook'), ('language', 'en')]
DEBUG:oauthlib.oauth1.rfc5849:Normalized params: language=en&oauth_consumer_key=3iyEag1vBLhLtoywYDJRmegcI&oauth_nonce=141230663663171014341658874449&oauth_signature_method=HMAC-SHA1&oauth_timestamp=1658874449&oauth_token=3036580922-jIJW8odJjSqPCcG5ivMjRSez59gyJ1Au8A7J2jQ&oauth_version=1.0&track=Macbook
DEBUG:oauthlib.oauth1.rfc5849:Normalized URI: https://stream.twitter.com/1.1/statuses/filter.json
DEBUG:oauthlib.oauth1.rfc5849:Signing: signature base string: POST&https%3A%2F%2Fstream.twitter.com%2F1.1%2Fstatuses%2Ffilter.json&language%3Den%26oauth_consumer_key%3D3iyEag1vBLhLtoywYDJRmegcI%26oauth_nonce%3D141230663663171014341658874449%26oauth_signature_method%3DHMAC-SHA1%26oauth_timestamp%3D1658874449%26oauth_token%3D3036580922-jIJW8odJjSqPCcG5ivMjRSez59gyJ1Au8A7J2jQ%26oauth_version%3D1.0%26track%3DMacbook
DEBUG:oauthlib.oauth1.rfc5849:Signature: FlWnOOncZY6tt+BtnJE9aDfnXz4=
DEBUG:oauthlib.oauth1.rfc5849:Encoding URI, headers and body to utf-8.
DEBUG:requests_oauthlib.oauth1_auth:Updated url: https://stream.twitter.com/1.1/statuses/filter.json
DEBUG:requests_oauthlib.oauth1_auth:Updated headers: {b'User-Agent': b'Python/3.7.0 Requests/2.28.1 Tweepy/4.10.0', b'Accept-Encoding': b'gzip, deflate', b'Accept': b'*/*', b'Connection': b'keep-alive', b'Content-Type': b'application/x-www-form-urlencoded', b'Cookie': b'guest_id=v1%3A165887441455449787; guest_id_ads=v1%3A165887441455449787; guest_id_marketing=v1%3A165887441455449787; personalization_id="v1_gyp6FmdD9xOPoQN2z3rtEw=="', b'Content-Length': b'25', b'Authorization': b'OAuth oauth_nonce="141230663663171014341658874449", oauth_timestamp="1658874449", oauth_version="1.0", oauth_signature_method="HMAC-SHA1", oauth_consumer_key="3iyEag1vBLhLtoywYDJRmegcI", oauth_token="3036580922-jIJW8odJjSqPCcG5ivMjRSez59gyJ1Au8A7J2jQ", oauth_signature="FlWnOOncZY6tt%2BBtnJE9aDfnXz4%3D"'}
DEBUG:requests_oauthlib.oauth1_auth:Updated body: b'track=Macbook&language=en'
DEBUG:urllib3.connectionpool:Resetting dropped connection: stream.twitter.com
DEBUG:urllib3.connectionpool:https://stream.twitter.com:443 "POST /1.1/statuses/filter.json HTTP/1.1" 403 None
ERROR:tweepy.streaming:Stream encountered HTTP error: 403
INFO:tweepy.streaming:Stream disconnected
